[20231221 09:44:16:120][INFO ][com.example.demo.DemoApplication] Starting DemoApplication using Java 21.0.1 with PID 19998 (/Users/yungayoung/Downloads/html-java/target/classes started by yungayoung in /Users/yungayoung/Downloads/html-java)
[20231221 09:44:16:122][INFO ][com.example.demo.DemoApplication] No active profile set, falling back to 1 default profile: "default"
[20231221 09:44:16:175][INFO ][o.s.b.d.e.DevToolsPropertyDefaultsPostProcessor] Devtools property defaults active! Set 'spring.devtools.add-properties' to 'false' to disable
[20231221 09:44:16:175][INFO ][o.s.b.d.e.DevToolsPropertyDefaultsPostProcessor] For additional web related logging consider setting the 'logging.level.web' property to 'DEBUG'
[20231221 09:44:17:463][INFO ][o.s.b.w.embedded.tomcat.TomcatWebServer] Tomcat initialized with port 4242 (http)
[20231221 09:44:17:472][INFO ][o.apache.coyote.http11.Http11NioProtocol] Initializing ProtocolHandler ["http-nio-4242"]
[20231221 09:44:17:475][INFO ][o.apache.catalina.core.StandardService] Starting service [Tomcat]
[20231221 09:44:17:475][INFO ][org.apache.catalina.core.StandardEngine] Starting Servlet engine: [Apache Tomcat/10.1.16]
[20231221 09:44:17:507][INFO ][o.a.c.c.C.[Tomcat].[localhost].[/]] Initializing Spring embedded WebApplicationContext
[20231221 09:44:17:508][INFO ][o.s.b.w.s.c.ServletWebServerApplicationContext] Root WebApplicationContext: initialization completed in 1332 ms
[20231221 09:44:17:925][INFO ][o.s.b.d.a.OptionalLiveReloadServer] LiveReload server is running on port 35729
[20231221 09:44:17:945][INFO ][o.apache.coyote.http11.Http11NioProtocol] Starting ProtocolHandler ["http-nio-4242"]
[20231221 09:44:17:956][INFO ][o.s.b.w.embedded.tomcat.TomcatWebServer] Tomcat started on port 4242 (http) with context path ''
[20231221 09:44:17:965][INFO ][com.example.demo.DemoApplication] Started DemoApplication in 2.413 seconds (process running for 3.332)
[20231221 09:44:34:295][INFO ][o.a.c.c.C.[Tomcat].[localhost].[/]] Initializing Spring DispatcherServlet 'dispatcherServlet'
[20231221 09:44:34:296][INFO ][o.s.web.servlet.DispatcherServlet] Initializing Servlet 'dispatcherServlet'
[20231221 09:44:34:298][INFO ][o.s.web.servlet.DispatcherServlet] Completed initialization in 2 ms
[20231221 22:43:25:398][INFO ][com.example.demo.DemoApplication] Starting DemoApplication using Java 21.0.1 with PID 58504 (/Users/yungayoung/Downloads/html-java/target/classes started by yungayoung in /Users/yungayoung/Downloads/html-java)
[20231221 22:43:25:401][INFO ][com.example.demo.DemoApplication] The following 1 profile is active: "secret"
[20231221 22:43:25:452][INFO ][o.s.b.d.e.DevToolsPropertyDefaultsPostProcessor] Devtools property defaults active! Set 'spring.devtools.add-properties' to 'false' to disable
[20231221 22:43:25:453][INFO ][o.s.b.d.e.DevToolsPropertyDefaultsPostProcessor] For additional web related logging consider setting the 'logging.level.web' property to 'DEBUG'
[20231221 22:43:26:683][INFO ][o.s.b.w.embedded.tomcat.TomcatWebServer] Tomcat initialized with port 4242 (http)
[20231221 22:43:26:693][INFO ][o.apache.coyote.http11.Http11NioProtocol] Initializing ProtocolHandler ["http-nio-4242"]
[20231221 22:43:26:696][INFO ][o.apache.catalina.core.StandardService] Starting service [Tomcat]
[20231221 22:43:26:696][INFO ][org.apache.catalina.core.StandardEngine] Starting Servlet engine: [Apache Tomcat/10.1.16]
[20231221 22:43:26:730][INFO ][o.a.c.c.C.[Tomcat].[localhost].[/]] Initializing Spring embedded WebApplicationContext
[20231221 22:43:26:730][INFO ][o.s.b.w.s.c.ServletWebServerApplicationContext] Root WebApplicationContext: initialization completed in 1277 ms
[20231221 22:43:27:124][INFO ][o.s.b.d.a.OptionalLiveReloadServer] LiveReload server is running on port 35729
[20231221 22:43:27:145][INFO ][o.apache.coyote.http11.Http11NioProtocol] Starting ProtocolHandler ["http-nio-4242"]
[20231221 22:43:27:156][INFO ][o.s.b.w.embedded.tomcat.TomcatWebServer] Tomcat started on port 4242 (http) with context path ''
[20231221 22:43:27:165][INFO ][com.example.demo.DemoApplication] Started DemoApplication in 2.343 seconds (process running for 3.202)
